c:\users\marina\documents\github\graphicshw\graphicshomework\debug\graphicshomework.pch
c:\users\marina\documents\github\graphicshw\graphicshomework\debug\vc120.pdb
c:\users\marina\documents\github\graphicshw\graphicshomework\debug\vc120.idb
c:\users\marina\documents\github\graphicshw\graphicshomework\debug\stdafx.obj
c:\users\marina\documents\github\graphicshw\graphicshomework\debug\graphicshomework.obj
c:\users\marina\documents\github\graphicshw\graphicshomework\debug\graphicshomeworkdoc.obj
c:\users\marina\documents\github\graphicshw\graphicshomework\debug\graphicshomeworkview.obj
c:\users\marina\documents\github\graphicshw\graphicshomework\debug\mainfrm.obj
c:\users\marina\documents\github\graphicshw\debug\graphicshomework.ilk
c:\users\marina\documents\github\graphicshw\debug\graphicshomework.exe
c:\users\marina\documents\github\graphicshw\debug\graphicshomework.pdb
c:\users\marina\documents\github\graphicshw\graphicshomework\debug\graphicshomework.res
c:\users\marina\documents\github\graphicshw\graphicshomework\debug\graphicshomework.tlog\cl.command.1.tlog
c:\users\marina\documents\github\graphicshw\graphicshomework\debug\graphicshomework.tlog\cl.read.1.tlog
c:\users\marina\documents\github\graphicshw\graphicshomework\debug\graphicshomework.tlog\cl.write.1.tlog
c:\users\marina\documents\github\graphicshw\graphicshomework\debug\graphicshomework.tlog\link.command.1.tlog
c:\users\marina\documents\github\graphicshw\graphicshomework\debug\graphicshomework.tlog\link.read.1.tlog
c:\users\marina\documents\github\graphicshw\graphicshomework\debug\graphicshomework.tlog\link.write.1.tlog
c:\users\marina\documents\github\graphicshw\graphicshomework\debug\graphicshomework.tlog\rc.command.1.tlog
c:\users\marina\documents\github\graphicshw\graphicshomework\debug\graphicshomework.tlog\rc.read.1.tlog
c:\users\marina\documents\github\graphicshw\graphicshomework\debug\graphicshomework.tlog\rc.write.1.tlog
